<?xml version="1.0" encoding="UTF-8"?>
<testng-results skipped="0" failed="0" ignored="0" total="1" passed="1">
  <reporter-output>
  </reporter-output>
  <suite name="Suite" duration-ms="31" started-at="2022-09-21T22:41:55 IST" finished-at="2022-09-21T22:41:55 IST">
    <groups>
    </groups>
    <test name="Test" duration-ms="31" started-at="2022-09-21T22:41:55 IST" finished-at="2022-09-21T22:41:55 IST">
      <class name="Maven.Maven.AppTest">
        <test-method status="PASS" signature="shouldAnswerWithTrue()[pri:0, instance:Maven.Maven.AppTest@617faa95]" name="shouldAnswerWithTrue" duration-ms="4" started-at="2022-09-21T22:41:55 IST" finished-at="2022-09-21T22:41:55 IST">
          <reporter-output>
          </reporter-output>
        </test-method> <!-- shouldAnswerWithTrue -->
      </class> <!-- Maven.Maven.AppTest -->
    </test> <!-- Test -->
  </suite> <!-- Suite -->
</testng-results>
