<?xml version="1.0" encoding="UTF-8"?>
<testng-results ignored="0" total="1" passed="1" failed="0" skipped="0">
  <reporter-output>
  </reporter-output>
  <suite started-at="2022-09-21T21:28:42 IST" name="Default suite" finished-at="2022-09-21T21:28:42 IST" duration-ms="49">
    <groups>
    </groups>
    <test started-at="2022-09-21T21:28:42 IST" name="Default test" finished-at="2022-09-21T21:28:42 IST" duration-ms="49">
      <class name="Maven.Maven.test$AppTest">
        <test-method signature="shouldAnswerWithTrue()[pri:0, instance:Maven.Maven.test$AppTest@6a6afff2]" started-at="2022-09-21T21:28:42 IST" name="shouldAnswerWithTrue" finished-at="2022-09-21T21:28:42 IST" duration-ms="12" status="PASS">
          <reporter-output>
          </reporter-output>
        </test-method> <!-- shouldAnswerWithTrue -->
      </class> <!-- Maven.Maven.test$AppTest -->
    </test> <!-- Default test -->
  </suite> <!-- Default suite -->
</testng-results>
